<?xml version="1.0" encoding="UTF-8"?>
<testsuite name="com.cinemoa.CineMoaApplicationTests" tests="1" skipped="0" failures="0" errors="0" timestamp="2025-09-21T13:31:26.669Z" hostname="지원이컴" time="0.55">
  <properties/>
  <testcase name="contextLoads()" classname="com.cinemoa.CineMoaApplicationTests" time="0.55"/>
  <system-out><![CDATA[22:31:19.244 [Test worker] INFO org.springframework.test.context.support.AnnotationConfigContextLoaderUtils -- Could not detect default configuration classes for test class [com.cinemoa.CineMoaApplicationTests]: CineMoaApplicationTests does not declare any static, non-private, non-final, nested classes annotated with @Configuration.
22:31:19.371 [Test worker] INFO org.springframework.boot.test.context.SpringBootTestContextBootstrapper -- Found @SpringBootConfiguration com.cinemoa.CineMoaApplication for test class com.cinemoa.CineMoaApplicationTests

  .   ____          _            __ _ _
 /\\ / ___'_ __ _ _(_)_ __  __ _ \ \ \ \
( ( )\___ | '_ | '_| | '_ \/ _` | \ \ \ \
 \\/  ___)| |_)| | | | | || (_| |  ) ) ) )
  '  |____| .__|_| |_|_| |_\__, | / / / /
 =========|_|==============|___/=/_/_/_/
 :: Spring Boot ::               (v3.2.10)

2025-09-21T22:31:19.774+09:00  INFO 20720 --- [cinemoa] [    Test worker] com.cinemoa.CineMoaApplicationTests      : Starting CineMoaApplicationTests using Java 21.0.7 with PID 20720 (started by 지원이 in C:\cinemoa)
2025-09-21T22:31:19.775+09:00  INFO 20720 --- [cinemoa] [    Test worker] com.cinemoa.CineMoaApplicationTests      : No active profile set, falling back to 1 default profile: "default"
2025-09-21T22:31:20.504+09:00  INFO 20720 --- [cinemoa] [    Test worker] .s.d.r.c.RepositoryConfigurationDelegate : Bootstrapping Spring Data JPA repositories in DEFAULT mode.
2025-09-21T22:31:20.708+09:00  INFO 20720 --- [cinemoa] [    Test worker] .s.d.r.c.RepositoryConfigurationDelegate : Finished Spring Data repository scanning in 196 ms. Found 15 JPA repository interfaces.
2025-09-21T22:31:21.263+09:00  INFO 20720 --- [cinemoa] [    Test worker] o.hibernate.jpa.internal.util.LogHelper  : HHH000204: Processing PersistenceUnitInfo [name: default]
2025-09-21T22:31:21.343+09:00  INFO 20720 --- [cinemoa] [    Test worker] org.hibernate.Version                    : HHH000412: Hibernate ORM core version 6.4.10.Final
2025-09-21T22:31:21.392+09:00  INFO 20720 --- [cinemoa] [    Test worker] o.h.c.internal.RegionFactoryInitiator    : HHH000026: Second-level cache disabled
2025-09-21T22:31:21.692+09:00  INFO 20720 --- [cinemoa] [    Test worker] o.s.o.j.p.SpringPersistenceUnitInfo      : No LoadTimeWeaver setup: ignoring JPA class transformer
2025-09-21T22:31:21.724+09:00  INFO 20720 --- [cinemoa] [    Test worker] com.zaxxer.hikari.HikariDataSource       : HikariPool-1 - Starting...
2025-09-21T22:31:22.280+09:00  INFO 20720 --- [cinemoa] [    Test worker] com.zaxxer.hikari.pool.HikariPool        : HikariPool-1 - Added connection com.mysql.cj.jdbc.ConnectionImpl@17ae13d5
2025-09-21T22:31:22.282+09:00  INFO 20720 --- [cinemoa] [    Test worker] com.zaxxer.hikari.HikariDataSource       : HikariPool-1 - Start completed.
2025-09-21T22:31:23.528+09:00  INFO 20720 --- [cinemoa] [    Test worker] o.h.e.t.j.p.i.JtaPlatformInitiator       : HHH000489: No JTA platform available (set 'hibernate.transaction.jta.platform' to enable JTA platform integration)
2025-09-21T22:31:24.327+09:00  INFO 20720 --- [cinemoa] [    Test worker] j.LocalContainerEntityManagerFactoryBean : Initialized JPA EntityManagerFactory for persistence unit 'default'
2025-09-21T22:31:24.725+09:00  INFO 20720 --- [cinemoa] [    Test worker] o.s.d.j.r.query.QueryEnhancerFactory     : Hibernate is in classpath; If applicable, HQL parser will be used.
2025-09-21T22:31:25.994+09:00  WARN 20720 --- [cinemoa] [    Test worker] JpaBaseConfiguration$JpaWebConfiguration : spring.jpa.open-in-view is enabled by default. Therefore, database queries may be performed during view rendering. Explicitly configure spring.jpa.open-in-view to disable this warning
2025-09-21T22:31:26.513+09:00  INFO 20720 --- [cinemoa] [    Test worker] com.cinemoa.CineMoaApplicationTests      : Started CineMoaApplicationTests in 6.974 seconds (process running for 8.262)
Hibernate: 
    INSERT 
    INTO
        showtimes
        (   movie_id, screen_id, start_time, end_time, created_at, updated_at, available_seats ) SELECT
            s.movie_id,
            s.screen_id,
            s.start_time + INTERVAL k WEEK,
            s.end_time   + INTERVAL k WEEK,
            NOW(),
            NOW(),
            s.available_seats 
        FROM
            showtimes s 
        JOIN
            (SELECT
                0 AS k 
            UNION
            ALL SELECT
                1 
            UNION
            ALL SELECT
                2) ks 
        WHERE
            s.start_time >= CURDATE() - INTERVAL 21 DAY   
        AND (
            s.start_time + INTERVAL k WEEK
    ) BETWEEN CURDATE() AND CURDATE() + INTERVAL 14 DAY   
    AND NOT EXISTS (       SELECT
        1 
    FROM
        showtimes x       
    WHERE
        x.screen_id = s.screen_id         
        AND x.start_time = s.start_time + INTERVAL k WEEK   )
]]></system-out>
  <system-err><![CDATA[WARNING: A Java agent has been loaded dynamically (C:\Users\yjw56\.gradle\caches\modules-2\files-2.1\net.bytebuddy\byte-buddy-agent\1.14.19\154da3a65b4f4a909d3e5bdec55d1b2b4cbb6ce1\byte-buddy-agent-1.14.19.jar)
WARNING: If a serviceability tool is in use, please run with -XX:+EnableDynamicAgentLoading to hide this warning
WARNING: If a serviceability tool is not in use, please run with -Djdk.instrument.traceUsage for more information
WARNING: Dynamic loading of agents will be disallowed by default in a future release
]]></system-err>
</testsuite>
